# JRE version: Java(TM) SE Runtime Environment (8.0_144-b01) (build 1.8.0_144-b01)
# Java VM: Java HotSpot(TM) 64-Bit Server VM (25.144-b01 mixed mode linux-amd64 compressed oops)
Heap:
 PSYoungGen      total 106496K, used 11459K [0x00000000eab00000, 0x00000000f2400000, 0x0000000100000000)
  eden space 92672K, 0% used [0x00000000eab00000,0x00000000eab00000,0x00000000f0580000)
  from space 13824K, 82% used [0x00000000f0580000,0x00000000f10b0ca0,0x00000000f1300000)
  to   space 10240K, 0% used [0x00000000f1300000,0x00000000f1300000,0x00000000f1d00000)
 ParOldGen       total 31744K, used 26037K [0x00000000c0000000, 0x00000000c1f00000, 0x00000000eab00000)
  object space 31744K, 82% used [0x00000000c0000000,0x00000000c196d730,0x00000000c1f00000)
 Metaspace       used 6477K, capacity 7440K, committed 7680K, reserved 1056768K
  class space    used 612K, capacity 648K, committed 768K, reserved 1048576K
GC Heap History (10 events):
Event: 2,428 GC heap after
Heap after GC invocations=4 (full 0):
 PSYoungGen      total 26112K, used 1528K [0x00000000eab00000, 0x00000000ec600000, 0x0000000100000000)
  eden space 24576K, 0% used [0x00000000eab00000,0x00000000eab00000,0x00000000ec300000)
  from space 1536K, 99% used [0x00000000ec480000,0x00000000ec5fe068,0x00000000ec600000)
  to   space 1536K, 0% used [0x00000000ec300000,0x00000000ec300000,0x00000000ec480000)
 ParOldGen       total 31744K, used 11945K [0x00000000c0000000, 0x00000000c1f00000, 0x00000000eab00000)
  object space 31744K, 37% used [0x00000000c0000000,0x00000000c0baa738,0x00000000c1f00000)
 Metaspace       used 5736K, capacity 6768K, committed 7040K, reserved 1056768K
  class space    used 586K, capacity 616K, committed 640K, reserved 1048576K
}
Event: 2,838 GC heap before
{Heap before GC invocations=5 (full 0):
 PSYoungGen      total 26112K, used 26104K [0x00000000eab00000, 0x00000000ec600000, 0x0000000100000000)
  eden space 24576K, 100% used [0x00000000eab00000,0x00000000ec300000,0x00000000ec300000)
  from space 1536K, 99% used [0x00000000ec480000,0x00000000ec5fe068,0x00000000ec600000)
  to   space 1536K, 0% used [0x00000000ec300000,0x00000000ec300000,0x00000000ec480000)
 ParOldGen       total 31744K, used 11945K [0x00000000c0000000, 0x00000000c1f00000, 0x00000000eab00000)
  object space 31744K, 37% used [0x00000000c0000000,0x00000000c0baa738,0x00000000c1f00000)
 Metaspace       used 5812K, capacity 6896K, committed 7040K, reserved 1056768K
  class space    used 586K, capacity 616K, committed 640K, reserved 1048576K
Event: 2,858 GC heap after
Heap after GC invocations=5 (full 0):
 PSYoungGen      total 26112K, used 1531K [0x00000000eab00000, 0x00000000ee800000, 0x0000000100000000)
  eden space 24576K, 0% used [0x00000000eab00000,0x00000000eab00000,0x00000000ec300000)
  from space 1536K, 99% used [0x00000000ec300000,0x00000000ec47edd8,0x00000000ec480000)
  to   space 6656K, 0% used [0x00000000ee180000,0x00000000ee180000,0x00000000ee800000)
 ParOldGen       total 31744K, used 16333K [0x00000000c0000000, 0x00000000c1f00000, 0x00000000eab00000)
  object space 31744K, 51% used [0x00000000c0000000,0x00000000c0ff3600,0x00000000c1f00000)
 Metaspace       used 5812K, capacity 6896K, committed 7040K, reserved 1056768K
  class space    used 586K, capacity 616K, committed 640K, reserved 1048576K
}
Event: 3,096 GC heap before
{Heap before GC invocations=6 (full 0):
 PSYoungGen      total 26112K, used 26107K [0x00000000eab00000, 0x00000000ee800000, 0x0000000100000000)
  eden space 24576K, 100% used [0x00000000eab00000,0x00000000ec300000,0x00000000ec300000)
  from space 1536K, 99% used [0x00000000ec300000,0x00000000ec47edd8,0x00000000ec480000)
  to   space 6656K, 0% used [0x00000000ee180000,0x00000000ee180000,0x00000000ee800000)
 ParOldGen       total 31744K, used 16333K [0x00000000c0000000, 0x00000000c1f00000, 0x00000000eab00000)
  object space 31744K, 51% used [0x00000000c0000000,0x00000000c0ff3600,0x00000000c1f00000)
 Metaspace       used 5853K, capacity 6896K, committed 7040K, reserved 1056768K
  class space    used 587K, capacity 616K, committed 640K, reserved 1048576K
Event: 3,126 GC heap after
Heap after GC invocations=6 (full 0):
 PSYoungGen      total 54784K, used 6646K [0x00000000eab00000, 0x00000000eea00000, 0x0000000100000000)
  eden space 48128K, 0% used [0x00000000eab00000,0x00000000eab00000,0x00000000eda00000)
  from space 6656K, 99% used [0x00000000ee180000,0x00000000ee7fdb38,0x00000000ee800000)
  to   space 7680K, 0% used [0x00000000eda00000,0x00000000eda00000,0x00000000ee180000)
 ParOldGen       total 31744K, used 16605K [0x00000000c0000000, 0x00000000c1f00000, 0x00000000eab00000)
  object space 31744K, 52% used [0x00000000c0000000,0x00000000c1037600,0x00000000c1f00000)
 Metaspace       used 5853K, capacity 6896K, committed 7040K, reserved 1056768K
  class space    used 587K, capacity 616K, committed 640K, reserved 1048576K
}
Event: 3,567 GC heap before
{Heap before GC invocations=7 (full 0):
 PSYoungGen      total 54784K, used 54774K [0x00000000eab00000, 0x00000000eea00000, 0x0000000100000000)
  eden space 48128K, 100% used [0x00000000eab00000,0x00000000eda00000,0x00000000eda00000)
  from space 6656K, 99% used [0x00000000ee180000,0x00000000ee7fdb38,0x00000000ee800000)
  to   space 7680K, 0% used [0x00000000eda00000,0x00000000eda00000,0x00000000ee180000)
 ParOldGen       total 31744K, used 16605K [0x00000000c0000000, 0x00000000c1f00000, 0x00000000eab00000)
  object space 31744K, 52% used [0x00000000c0000000,0x00000000c1037600,0x00000000c1f00000)
 Metaspace       used 5931K, capacity 6960K, committed 7040K, reserved 1056768K
  class space    used 589K, capacity 616K, committed 640K, reserved 1048576K
Event: 3,610 GC heap after
Heap after GC invocations=7 (full 0):
 PSYoungGen      total 55808K, used 7653K [0x00000000eab00000, 0x00000000f1d00000, 0x0000000100000000)
  eden space 48128K, 0% used [0x00000000eab00000,0x00000000eab00000,0x00000000eda00000)
  from space 7680K, 99% used [0x00000000eda00000,0x00000000ee1796e0,0x00000000ee180000)
  to   space 10240K, 0% used [0x00000000f1300000,0x00000000f1300000,0x00000000f1d00000)
 ParOldGen       total 31744K, used 20737K [0x00000000c0000000, 0x00000000c1f00000, 0x00000000eab00000)
  object space 31744K, 65% used [0x00000000c0000000,0x00000000c1440518,0x00000000c1f00000)
 Metaspace       used 5931K, capacity 6960K, committed 7040K, reserved 1056768K
  class space    used 589K, capacity 616K, committed 640K, reserved 1048576K
}
Event: 3,949 GC heap before
{Heap before GC invocations=8 (full 0):
 PSYoungGen      total 55808K, used 55781K [0x00000000eab00000, 0x00000000f1d00000, 0x0000000100000000)
  eden space 48128K, 100% used [0x00000000eab00000,0x00000000eda00000,0x00000000eda00000)
  from space 7680K, 99% used [0x00000000eda00000,0x00000000ee1796e0,0x00000000ee180000)
  to   space 10240K, 0% used [0x00000000f1300000,0x00000000f1300000,0x00000000f1d00000)
 ParOldGen       total 31744K, used 20737K [0x00000000c0000000, 0x00000000c1f00000, 0x00000000eab00000)
  object space 31744K, 65% used [0x00000000c0000000,0x00000000c1440518,0x00000000c1f00000)
 Metaspace       used 5982K, capacity 7024K, committed 7296K, reserved 1056768K
  class space    used 589K, capacity 616K, committed 640K, reserved 1048576K
Event: 3,995 GC heap after
Heap after GC invocations=8 (full 0):
 PSYoungGen      total 102912K, used 10222K [0x00000000eab00000, 0x00000000f2400000, 0x0000000100000000)
  eden space 92672K, 0% used [0x00000000eab00000,0x00000000eab00000,0x00000000f0580000)
  from space 10240K, 99% used [0x00000000f1300000,0x00000000f1cfb8e0,0x00000000f1d00000)
  to   space 13824K, 0% used [0x00000000f0580000,0x00000000f0580000,0x00000000f1300000)
 ParOldGen       total 31744K, used 24899K [0x00000000c0000000, 0x00000000c1f00000, 0x00000000eab00000)
  object space 31744K, 78% used [0x00000000c0000000,0x00000000c1850e38,0x00000000c1f00000)
 Metaspace       used 5982K, capacity 7024K, committed 7296K, reserved 1056768K
  class space    used 589K, capacity 616K, committed 640K, reserved 1048576K
}
Event: 5,701 GC heap before
{Heap before GC invocations=9 (full 0):
 PSYoungGen      total 102912K, used 102527K [0x00000000eab00000, 0x00000000f2400000, 0x0000000100000000)
  eden space 92672K, 99% used [0x00000000eab00000,0x00000000f0524610,0x00000000f0580000)
  from space 10240K, 99% used [0x00000000f1300000,0x00000000f1cfb8e0,0x00000000f1d00000)
  to   space 13824K, 0% used [0x00000000f0580000,0x00000000f0580000,0x00000000f1300000)
 ParOldGen       total 31744K, used 24899K [0x00000000c0000000, 0x00000000c1f00000, 0x00000000eab00000)
  object space 31744K, 78% used [0x00000000c0000000,0x00000000c1850e38,0x00000000c1f00000)
 Metaspace       used 6477K, capacity 7440K, committed 7680K, reserved 1056768K
  class space    used 612K, capacity 648K, committed 768K, reserved 1048576K

